[debug] [2022-12-26T21:34:29.928Z] ----------------------------------------------------------------------
[debug] [2022-12-26T21:34:29.932Z] Command:       C:\Program Files\nodejs\node.exe C:\Users\Jawad\AppData\Roaming\npm\node_modules\firebase-tools\lib\bin\firebase.js deploy
[debug] [2022-12-26T21:34:29.933Z] CLI Version:   11.19.0
[debug] [2022-12-26T21:34:29.934Z] Platform:      win32
[debug] [2022-12-26T21:34:29.934Z] Node Version:  v16.17.0
[debug] [2022-12-26T21:34:29.936Z] Time:          Tue Dec 27 2022 03:34:29 GMT+0600 (Bangladesh Standard Time)
[debug] [2022-12-26T21:34:29.936Z] ----------------------------------------------------------------------
[debug] 
[debug] [2022-12-26T21:34:30.046Z] > refreshing access token with scopes: []
[debug] [2022-12-26T21:34:30.049Z] >>> [apiv2][query] POST https://www.googleapis.com/oauth2/v3/token [none]
[debug] [2022-12-26T21:34:30.049Z] >>> [apiv2][body] POST https://www.googleapis.com/oauth2/v3/token [omitted]
[debug] [2022-12-26T21:34:39.594Z] <<< [apiv2][status] POST https://www.googleapis.com/oauth2/v3/token 400
[debug] [2022-12-26T21:34:39.595Z] <<< [apiv2][body] POST https://www.googleapis.com/oauth2/v3/token [omitted]
[debug] [2022-12-26T21:34:39.596Z] >>> [apiv2][query] GET https://firebase.googleapis.com/v1beta1/projects/undefined [none]
[debug] [2022-12-26T21:34:47.789Z] <<< [apiv2][status] GET https://firebase.googleapis.com/v1beta1/projects/undefined 401
[debug] [2022-12-26T21:34:47.790Z] <<< [apiv2][body] GET https://firebase.googleapis.com/v1beta1/projects/undefined {"error":{"code":401,"message":"Request had invalid authentication credentials. Expected OAuth 2 access token, login cookie or other valid authentication credential. See https://developers.google.com/identity/sign-in/web/devconsole-project.","status":"UNAUTHENTICATED"}}
[debug] [2022-12-26T21:34:47.794Z] HTTP Error: 401, Request had invalid authentication credentials. Expected OAuth 2 access token, login cookie or other valid authentication credential. See https://developers.google.com/identity/sign-in/web/devconsole-project.
[debug] [2022-12-26T21:34:49.186Z] FirebaseError: HTTP Error: 401, Request had invalid authentication credentials. Expected OAuth 2 access token, login cookie or other valid authentication credential. See https://developers.google.com/identity/sign-in/web/devconsole-project.
    at responseToError (C:\Users\Jawad\AppData\Roaming\npm\node_modules\firebase-tools\lib\responseToError.js:49:12)
    at RetryOperation._fn (C:\Users\Jawad\AppData\Roaming\npm\node_modules\firebase-tools\lib\apiv2.js:288:77)
    at processTicksAndRejections (node:internal/process/task_queues:96:5)
[error] 
[error] Error: Failed to get Firebase project undefined. Please make sure the project exists and your account has permission to access it.
